{"name": "test_login_params_003[Data_for_login1]", "status": "failed", "statusDetails": {"message": "AssertionError: assert False", "trace": "self = <testCases.test_UserLogin_params.Test_Login object at 0x00000263CB965C50>\nsetup = <selenium.webdriver.chrome.webdriver.WebDriver (session=\"9241ee904f1c22bc3ae1c7abc451f289\")>\nData_for_login = ('test@credence.in1', 'test@123', 'Fail')\n\n    @pytest.mark.regression\n    def test_login_params_003(self, setup, Data_for_login):\n        self.log.info(\"Testcases test_login_params_003 is started\")\n        self.driver = setup\n        self.log.info(\"Invoking browser\")\n        self.log.info(\"Opening Url\")\n        self.lp = UserLoginClass(self.driver)\n        self.lp.Click_LinkLogin()\n        self.log.info(\"Clicking on login link\")\n        self.lp.Enter_Email(Data_for_login[0])\n        self.log.info(\"Entering Email-->\" + Data_for_login[0])\n        self.lp.Enter_Password(Data_for_login[1])\n        self.log.info(\"Entering password-->\" + Data_for_login[1])\n        self.lp.Click_Login_Button()\n        self.log.info(\"Clicking on login button\")\n        self.rp = UserRegistrationClass(self.driver)\n        if self.rp.Status() == True:\n            self.log.info(\"Testcases test_login_params_003 is passed\")\n            self.driver.save_screenshot(\n                \"D:\\\\Credence Python Projects by Tushar Sir\\\\Automation_Credkart\\\\Screenshots\\\\test_login_params_003_pass.png\")\n            assert True\n        else:\n            self.log.info(\"Testcases test_login_params_003 is failed\")\n            self.driver.save_screenshot(\n                \"D:\\\\Credence Python Projects by Tushar Sir\\\\Automation_Credkart\\\\Screenshots\\\\test_login_params_003_fail.png\")\n>           assert False\nE           assert False\n\ntestCases\\test_UserLogin_params.py:41: AssertionError"}, "attachments": [{"name": "log", "source": "ce3af8b2-fc40-4ee3-9d13-f45044e92ae0-attachment.txt", "type": "text/plain"}, {"name": "stdout", "source": "e7913d6c-de69-474c-8f31-4a3ccc71ba93-attachment.txt", "type": "text/plain"}], "parameters": [{"name": "Data_for_login", "value": "('test@credence.in1', 'test@123', 'Fail')"}], "start": 1687409932025, "stop": 1687409933533, "uuid": "2aead93b-731e-46a1-badc-76d1ba12c050", "historyId": "f04cd51f5dc2b392b479f77618977759", "testCaseId": "5c4655df88db91d6d0394396a804791c", "fullName": "testCases.test_UserLogin_params.Test_Login#test_login_params_003", "labels": [{"name": "tag", "value": "regression"}, {"name": "parentSuite", "value": "testCases"}, {"name": "suite", "value": "test_UserLogin_params"}, {"name": "subSuite", "value": "Test_Login"}, {"name": "host", "value": "Tushar-Pc"}, {"name": "thread", "value": "9992-MainThread"}, {"name": "framework", "value": "pytest"}, {"name": "language", "value": "cpython3"}, {"name": "package", "value": "testCases.test_UserLogin_params"}]}