{"name": "test_registration_001", "status": "failed", "statusDetails": {"message": "AssertionError: assert False", "trace": "self = <testCases.test_UserRegisteration.Test_registration object at 0x0000027C3376C510>\nsetup = <selenium.webdriver.chrome.webdriver.WebDriver (session=\"196732d83d56781e0d6406ac608c24cc\")>\n\n    @pytest.mark.sanity\n    def test_registration_001(self, setup):\n        self.log.info(\"Testcases test_registration_001 is started\")\n        self.driver = setup\n        self.log.info(\"Invoking browser\")\n        self.log.info(\"Opening Url\")\n        self.rp = UserRegistrationClass(self.driver)\n        self.rp.Click_LinkRegister()\n        self.log.info(\"Clicking on Register link\")\n        self.rp.Enter_Username(\"Test User\")\n        self.log.info(\"Entering username\")\n        self.rp.Enter_Email(\"test11231bdfb23@credence.in\")\n        self.log.info(\"Entering Email\")\n        self.rp.Enter_Password(\"test@123\")\n        self.log.info(\"Entering Password\")\n        self.rp.Enter_ConfirmPassword(\"test@123\")\n        self.log.info(\"Entering Confirm Password\")\n        self.rp.Click_Register_Button()\n        self.log.info(\"Clicking on Register\")\n        if self.rp.Status() == True:\n            self.log.info(\"Testcases test_registration_001 is passed\")\n            self.driver.save_screenshot(\n                \"D:\\\\Credence Python Projects by Tushar \"\n                \"Sir\\\\Automation_Credkart\\\\Screenshots\\\\test_registration_001_pass.png\")\n            assert True\n        else:\n            self.log.info(\"Testcases test_registration_001 is failed\")\n            self.driver.save_screenshot(\n                \"D:\\\\Credence Python Projects by Tushar \"\n                \"Sir\\\\Automation_Credkart\\\\Screenshots\\\\test_registration_001_fail.png\")\n>           assert False\nE           assert False\n\ntestCases\\test_UserRegisteration.py:44: AssertionError"}, "attachments": [{"name": "log", "source": "03b58aac-2153-4708-9d71-aae8ea63e1c2-attachment.txt", "type": "text/plain"}, {"name": "stdout", "source": "51bfdd1f-5d26-471f-8ec8-1ff19c0b441f-attachment.txt", "type": "text/plain"}], "start": 1687410205034, "stop": 1687410206494, "uuid": "31bd378e-0ee3-4dc0-b5f5-999644907162", "historyId": "4741148de797ba8c12efc69d1560366c", "testCaseId": "4741148de797ba8c12efc69d1560366c", "fullName": "testCases.test_UserRegisteration.Test_registration#test_registration_001", "labels": [{"name": "tag", "value": "sanity"}, {"name": "parentSuite", "value": "testCases"}, {"name": "suite", "value": "test_UserRegisteration"}, {"name": "subSuite", "value": "Test_registration"}, {"name": "host", "value": "Tushar-Pc"}, {"name": "thread", "value": "8908-MainThread"}, {"name": "framework", "value": "pytest"}, {"name": "language", "value": "cpython3"}, {"name": "package", "value": "testCases.test_UserRegisteration"}]}