{"name": "test_login_params_003[Data_for_login2]", "status": "failed", "statusDetails": {"message": "AssertionError: assert False", "trace": "self = <testCases.test_UserLogin_params.Test_Login object at 0x000002C6FCC16050>\nsetup = <selenium.webdriver.chrome.webdriver.WebDriver (session=\"313ef027cb771dcb6fcf7d3e4961f603\")>\nData_for_login = ('test@credence.in', 'test@1231', 'Fail')\n\n    @pytest.mark.regression\n    def test_login_params_003(self, setup, Data_for_login):\n        self.log.info(\"Testcases test_login_params_003 is started\")\n        self.driver = setup\n        self.log.info(\"Invoking browser\")\n        self.log.info(\"Opening Url\")\n        self.lp = UserLoginClass(self.driver)\n        self.lp.Click_LinkLogin()\n        self.log.info(\"Clicking on login link\")\n        self.lp.Enter_Email(Data_for_login[0])\n        self.log.info(\"Entering Email-->\" + Data_for_login[0])\n        self.lp.Enter_Password(Data_for_login[1])\n        self.log.info(\"Entering password-->\" + Data_for_login[1])\n        self.lp.Click_Login_Button()\n        self.log.info(\"Clicking on login button\")\n        self.rp = UserRegistrationClass(self.driver)\n        if self.rp.Status() == True:\n            self.log.info(\"Testcases test_login_params_003 is passed\")\n            self.driver.save_screenshot(\n                \"D:\\\\Credence Python Projects by Tushar Sir\\\\Automation_Credkart\\\\Screenshots\\\\test_login_params_003_pass.png\")\n            assert True\n        else:\n            self.log.info(\"Testcases test_login_params_003 is failed\")\n            self.driver.save_screenshot(\n                \"D:\\\\Credence Python Projects by Tushar Sir\\\\Automation_Credkart\\\\Screenshots\\\\test_login_params_003_fail.png\")\n>           assert False\nE           assert False\n\ntestCases\\test_UserLogin_params.py:41: AssertionError"}, "attachments": [{"name": "log", "source": "16eff0a0-8fd8-4ed5-ad57-6eb7d6feefaf-attachment.txt", "type": "text/plain"}, {"name": "stdout", "source": "79243d17-a78a-4ab1-abdf-22e6234626b5-attachment.txt", "type": "text/plain"}], "parameters": [{"name": "Data_for_login", "value": "('test@credence.in', 'test@1231', 'Fail')"}], "start": 1687409939725, "stop": 1687409941098, "uuid": "d9517191-84b4-49aa-8633-a075faf4fc02", "historyId": "94ab5c4377b22084916244b0ea6ea426", "testCaseId": "5c4655df88db91d6d0394396a804791c", "fullName": "testCases.test_UserLogin_params.Test_Login#test_login_params_003", "labels": [{"name": "tag", "value": "regression"}, {"name": "parentSuite", "value": "testCases"}, {"name": "suite", "value": "test_UserLogin_params"}, {"name": "subSuite", "value": "Test_Login"}, {"name": "host", "value": "Tushar-Pc"}, {"name": "thread", "value": "20972-MainThread"}, {"name": "framework", "value": "pytest"}, {"name": "language", "value": "cpython3"}, {"name": "package", "value": "testCases.test_UserLogin_params"}]}