{"name": "test_login_params_003[Data_for_login3]", "status": "failed", "statusDetails": {"message": "AssertionError: assert False", "trace": "self = <testCases.test_UserLogin_params.Test_Login object at 0x0000015B05026350>\nsetup = <selenium.webdriver.chrome.webdriver.WebDriver (session=\"e479efed9f0694a4bc6f20b79b26ae27\")>\nData_for_login = ('test@credence.in1', 'test@1231', 'Fail')\n\n    @pytest.mark.regression\n    def test_login_params_003(self, setup, Data_for_login):\n        self.log.info(\"Testcases test_login_params_003 is started\")\n        self.driver = setup\n        self.log.info(\"Invoking browser\")\n        self.log.info(\"Opening Url\")\n        self.lp = UserLoginClass(self.driver)\n        self.lp.Click_LinkLogin()\n        self.log.info(\"Clicking on login link\")\n        self.lp.Enter_Email(Data_for_login[0])\n        self.log.info(\"Entering Email-->\" + Data_for_login[0])\n        self.lp.Enter_Password(Data_for_login[1])\n        self.log.info(\"Entering password-->\" + Data_for_login[1])\n        self.lp.Click_Login_Button()\n        self.log.info(\"Clicking on login button\")\n        self.rp = UserRegistrationClass(self.driver)\n        if self.rp.Status() == True:\n            self.log.info(\"Testcases test_login_params_003 is passed\")\n            self.driver.save_screenshot(\n                \"D:\\\\Credence Python Projects by Tushar Sir\\\\Automation_Credkart\\\\Screenshots\\\\test_login_params_003_pass.png\")\n            assert True\n        else:\n            self.log.info(\"Testcases test_login_params_003 is failed\")\n            self.driver.save_screenshot(\n                \"D:\\\\Credence Python Projects by Tushar Sir\\\\Automation_Credkart\\\\Screenshots\\\\test_login_params_003_fail.png\")\n>           assert False\nE           assert False\n\ntestCases\\test_UserLogin_params.py:41: AssertionError"}, "attachments": [{"name": "log", "source": "7a97a514-3dc1-47c8-a6bb-1bcd5116c644-attachment.txt", "type": "text/plain"}, {"name": "stdout", "source": "71775f11-a257-449a-ae6f-b48e7b614590-attachment.txt", "type": "text/plain"}], "parameters": [{"name": "Data_for_login", "value": "('test@credence.in1', 'test@1231', 'Fail')"}], "start": 1687409946981, "stop": 1687409948091, "uuid": "381b715a-fa2b-4061-9def-b2a16478c884", "historyId": "9c589d93fd771cea341b81c0a74e1972", "testCaseId": "5c4655df88db91d6d0394396a804791c", "fullName": "testCases.test_UserLogin_params.Test_Login#test_login_params_003", "labels": [{"name": "tag", "value": "regression"}, {"name": "parentSuite", "value": "testCases"}, {"name": "suite", "value": "test_UserLogin_params"}, {"name": "subSuite", "value": "Test_Login"}, {"name": "host", "value": "Tushar-Pc"}, {"name": "thread", "value": "10972-MainThread"}, {"name": "framework", "value": "pytest"}, {"name": "language", "value": "cpython3"}, {"name": "package", "value": "testCases.test_UserLogin_params"}]}